::1 - - [03/Jul/2021:15:35:24 +0000] "OPTIONS /api/bus/all-bus-available HTTP/1.1" 204 0 "http://localhost:3006/" "Mozilla/5.0 (X11; Linux x86_64) AppleWebKit/537.36 (KHTML, like Gecko) Chrome/91.0.4472.114 Safari/537.36"
::1 - - [03/Jul/2021:15:35:24 +0000] "OPTIONS /api/owners HTTP/1.1" 204 0 "http://localhost:3006/" "Mozilla/5.0 (X11; Linux x86_64) AppleWebKit/537.36 (KHTML, like Gecko) Chrome/91.0.4472.114 Safari/537.36"
::1 - - [03/Jul/2021:15:35:24 +0000] "OPTIONS /api/bus/owner-bus-available HTTP/1.1" 204 0 "http://localhost:3006/" "Mozilla/5.0 (X11; Linux x86_64) AppleWebKit/537.36 (KHTML, like Gecko) Chrome/91.0.4472.114 Safari/537.36"
::1 - - [03/Jul/2021:15:35:24 +0000] "OPTIONS /api/bookings/my HTTP/1.1" 204 0 "http://localhost:3006/" "Mozilla/5.0 (X11; Linux x86_64) AppleWebKit/537.36 (KHTML, like Gecko) Chrome/91.0.4472.114 Safari/537.36"
::1 - - [03/Jul/2021:15:35:24 +0000] "GET /uploads/ownerAvatar/resized/photo-1624959857058.png HTTP/1.1" 304 - "http://localhost:3006/" "Mozilla/5.0 (X11; Linux x86_64) AppleWebKit/537.36 (KHTML, like Gecko) Chrome/91.0.4472.114 Safari/537.36"
::1 - - [03/Jul/2021:15:35:24 +0000] "GET /api/bus/all-bus-available HTTP/1.1" 200 2 "http://localhost:3006/" "Mozilla/5.0 (X11; Linux x86_64) AppleWebKit/537.36 (KHTML, like Gecko) Chrome/91.0.4472.114 Safari/537.36"
::1 - - [03/Jul/2021:15:35:24 +0000] "OPTIONS /api/bus/all-bus-unavailable HTTP/1.1" 204 0 "http://localhost:3006/" "Mozilla/5.0 (X11; Linux x86_64) AppleWebKit/537.36 (KHTML, like Gecko) Chrome/91.0.4472.114 Safari/537.36"
::1 - - [03/Jul/2021:15:35:24 +0000] "GET /api/owners HTTP/1.1" 304 - "http://localhost:3006/" "Mozilla/5.0 (X11; Linux x86_64) AppleWebKit/537.36 (KHTML, like Gecko) Chrome/91.0.4472.114 Safari/537.36"
::1 - - [03/Jul/2021:15:35:24 +0000] "OPTIONS /api/guests HTTP/1.1" 204 0 "http://localhost:3006/" "Mozilla/5.0 (X11; Linux x86_64) AppleWebKit/537.36 (KHTML, like Gecko) Chrome/91.0.4472.114 Safari/537.36"
::1 - - [03/Jul/2021:15:35:25 +0000] "GET /api/guests HTTP/1.1" 304 - "http://localhost:3006/" "Mozilla/5.0 (X11; Linux x86_64) AppleWebKit/537.36 (KHTML, like Gecko) Chrome/91.0.4472.114 Safari/537.36"
::1 - - [03/Jul/2021:15:35:25 +0000] "OPTIONS /api/users HTTP/1.1" 204 0 "http://localhost:3006/" "Mozilla/5.0 (X11; Linux x86_64) AppleWebKit/537.36 (KHTML, like Gecko) Chrome/91.0.4472.114 Safari/537.36"
::1 - - [03/Jul/2021:15:35:25 +0000] "GET /api/bus/owner-bus-available HTTP/1.1" 200 2 "http://localhost:3006/" "Mozilla/5.0 (X11; Linux x86_64) AppleWebKit/537.36 (KHTML, like Gecko) Chrome/91.0.4472.114 Safari/537.36"
::1 - - [03/Jul/2021:15:35:25 +0000] "OPTIONS /api/bus/owner-bus-unavailable HTTP/1.1" 204 0 "http://localhost:3006/" "Mozilla/5.0 (X11; Linux x86_64) AppleWebKit/537.36 (KHTML, like Gecko) Chrome/91.0.4472.114 Safari/537.36"
::1 - - [03/Jul/2021:15:35:25 +0000] "GET /api/bus/all-bus-unavailable HTTP/1.1" 200 772 "http://localhost:3006/" "Mozilla/5.0 (X11; Linux x86_64) AppleWebKit/537.36 (KHTML, like Gecko) Chrome/91.0.4472.114 Safari/537.36"
::1 - - [03/Jul/2021:15:35:25 +0000] "GET /api/users HTTP/1.1" 304 - "http://localhost:3006/" "Mozilla/5.0 (X11; Linux x86_64) AppleWebKit/537.36 (KHTML, like Gecko) Chrome/91.0.4472.114 Safari/537.36"
::1 - - [03/Jul/2021:15:35:25 +0000] "GET /api/bookings/my HTTP/1.1" 200 3277 "http://localhost:3006/" "Mozilla/5.0 (X11; Linux x86_64) AppleWebKit/537.36 (KHTML, like Gecko) Chrome/91.0.4472.114 Safari/537.36"
::1 - - [03/Jul/2021:15:35:25 +0000] "GET /api/bus/owner-bus-unavailable HTTP/1.1" 200 755 "http://localhost:3006/" "Mozilla/5.0 (X11; Linux x86_64) AppleWebKit/537.36 (KHTML, like Gecko) Chrome/91.0.4472.114 Safari/537.36"
::1 - - [03/Jul/2021:16:06:31 +0000] "GET /api/locations HTTP/1.1" 304 - "http://localhost:3000/" "Mozilla/5.0 (X11; Linux x86_64) AppleWebKit/537.36 (KHTML, like Gecko) Chrome/91.0.4472.114 Safari/537.36"
::1 - - [03/Jul/2021:16:27:59 +0000] "GET /api/locations HTTP/1.1" 304 - "http://localhost:3000/" "Mozilla/5.0 (X11; Linux x86_64) AppleWebKit/537.36 (KHTML, like Gecko) Chrome/91.0.4472.114 Safari/537.36"
::1 - - [03/Jul/2021:16:28:03 +0000] "GET /api/locations HTTP/1.1" 304 - "http://localhost:3000/" "Mozilla/5.0 (X11; Linux x86_64) AppleWebKit/537.36 (KHTML, like Gecko) Chrome/91.0.4472.114 Safari/537.36"
::1 - - [03/Jul/2021:16:35:43 +0000] "GET /api/locations HTTP/1.1" 304 - "http://localhost:3000/" "Mozilla/5.0 (X11; Linux x86_64) AppleWebKit/537.36 (KHTML, like Gecko) Chrome/91.0.4472.114 Safari/537.36"
::1 - - [03/Jul/2021:16:37:57 +0000] "GET /api/locations HTTP/1.1" 304 - "http://localhost:3000/" "Mozilla/5.0 (X11; Linux x86_64) AppleWebKit/537.36 (KHTML, like Gecko) Chrome/91.0.4472.114 Safari/537.36"
::ffff:127.0.0.1 - - [03/Jul/2021:16:54:39 +0000] "GET /api/bus/search?endLocation=60269e94c06e5674fb04b35c&journeyDate=2021-07-04&startLocation=60269de9c06e5674fb04b35b HTTP/1.1" 200 2 "-" "node-fetch/1.0 (+https://github.com/bitinn/node-fetch)"
::ffff:127.0.0.1 - - [03/Jul/2021:16:54:45 +0000] "GET /api/bus/search?endLocation=60269e94c06e5674fb04b35c&journeyDate=2021-07-04&startLocation=60269de9c06e5674fb04b35b HTTP/1.1" 200 2 "-" "node-fetch/1.0 (+https://github.com/bitinn/node-fetch)"
::ffff:127.0.0.1 - - [03/Jul/2021:16:54:50 +0000] "GET /api/bus/search?endLocation=60269e94c06e5674fb04b35c&journeyDate=2021-07-04&startLocation=60269de9c06e5674fb04b35b HTTP/1.1" 200 2 "-" "node-fetch/1.0 (+https://github.com/bitinn/node-fetch)"
::ffff:127.0.0.1 - - [03/Jul/2021:16:54:55 +0000] "GET /api/bus/search?endLocation=60269e94c06e5674fb04b35c&journeyDate=2021-07-04&startLocation=60269de9c06e5674fb04b35b HTTP/1.1" 200 2 "-" "node-fetch/1.0 (+https://github.com/bitinn/node-fetch)"
::ffff:127.0.0.1 - - [03/Jul/2021:16:55:00 +0000] "GET /api/bus/search?endLocation=60269e94c06e5674fb04b35c&journeyDate=2021-07-04&startLocation=60269de9c06e5674fb04b35b HTTP/1.1" 200 2 "-" "node-fetch/1.0 (+https://github.com/bitinn/node-fetch)"
::ffff:127.0.0.1 - - [03/Jul/2021:16:55:05 +0000] "GET /api/bus/search?endLocation=60269e94c06e5674fb04b35c&journeyDate=2021-07-04&startLocation=60269de9c06e5674fb04b35b HTTP/1.1" 200 2 "-" "node-fetch/1.0 (+https://github.com/bitinn/node-fetch)"
::ffff:127.0.0.1 - - [03/Jul/2021:16:55:10 +0000] "GET /api/bus/search?endLocation=60269e94c06e5674fb04b35c&journeyDate=2021-07-04&startLocation=60269de9c06e5674fb04b35b HTTP/1.1" 200 2 "-" "node-fetch/1.0 (+https://github.com/bitinn/node-fetch)"
::ffff:127.0.0.1 - - [03/Jul/2021:16:55:13 +0000] "GET /api/bus/search?endLocation=60269e94c06e5674fb04b35c&journeyDate=2021-07-04&startLocation=60269de9c06e5674fb04b35b HTTP/1.1" 200 2 "-" "node-fetch/1.0 (+https://github.com/bitinn/node-fetch)"
::ffff:127.0.0.1 - - [03/Jul/2021:16:55:19 +0000] "GET /api/bus/search?endLocation=60269e94c06e5674fb04b35c&journeyDate=2021-07-04&startLocation=60269de9c06e5674fb04b35b HTTP/1.1" 200 2 "-" "node-fetch/1.0 (+https://github.com/bitinn/node-fetch)"
::ffff:127.0.0.1 - - [03/Jul/2021:16:55:24 +0000] "GET /api/bus/search?endLocation=60269e94c06e5674fb04b35c&journeyDate=2021-07-04&startLocation=60269de9c06e5674fb04b35b HTTP/1.1" 200 2 "-" "node-fetch/1.0 (+https://github.com/bitinn/node-fetch)"
::ffff:127.0.0.1 - - [03/Jul/2021:16:55:29 +0000] "GET /api/bus/search?endLocation=60269e94c06e5674fb04b35c&journeyDate=2021-07-04&startLocation=60269de9c06e5674fb04b35b HTTP/1.1" 200 2 "-" "node-fetch/1.0 (+https://github.com/bitinn/node-fetch)"
::ffff:127.0.0.1 - - [03/Jul/2021:16:55:34 +0000] "GET /api/bus/search?endLocation=60269e94c06e5674fb04b35c&journeyDate=2021-07-04&startLocation=60269de9c06e5674fb04b35b HTTP/1.1" 200 2 "-" "node-fetch/1.0 (+https://github.com/bitinn/node-fetch)"
::ffff:127.0.0.1 - - [03/Jul/2021:16:55:39 +0000] "GET /api/bus/search?endLocation=60269e94c06e5674fb04b35c&journeyDate=2021-07-04&startLocation=60269de9c06e5674fb04b35b HTTP/1.1" 200 2 "-" "node-fetch/1.0 (+https://github.com/bitinn/node-fetch)"
::ffff:127.0.0.1 - - [03/Jul/2021:16:55:40 +0000] "GET /api/bus/search?endLocation=60269e94c06e5674fb04b35c&journeyDate=2021-07-04&startLocation=60269de9c06e5674fb04b35b HTTP/1.1" 200 2 "-" "node-fetch/1.0 (+https://github.com/bitinn/node-fetch)"
::ffff:127.0.0.1 - - [03/Jul/2021:16:55:45 +0000] "GET /api/bus/search?endLocation=60269e94c06e5674fb04b35c&journeyDate=2021-07-04&startLocation=60269de9c06e5674fb04b35b HTTP/1.1" 200 2 "-" "node-fetch/1.0 (+https://github.com/bitinn/node-fetch)"
::ffff:127.0.0.1 - - [03/Jul/2021:16:55:50 +0000] "GET /api/bus/search?endLocation=60269e94c06e5674fb04b35c&journeyDate=2021-07-04&startLocation=60269de9c06e5674fb04b35b HTTP/1.1" 200 2 "-" "node-fetch/1.0 (+https://github.com/bitinn/node-fetch)"
::ffff:127.0.0.1 - - [03/Jul/2021:16:55:55 +0000] "GET /api/bus/search?endLocation=60269e94c06e5674fb04b35c&journeyDate=2021-07-04&startLocation=60269de9c06e5674fb04b35b HTTP/1.1" 200 2 "-" "node-fetch/1.0 (+https://github.com/bitinn/node-fetch)"
::ffff:127.0.0.1 - - [03/Jul/2021:16:55:59 +0000] "GET /api/bus/search?endLocation=60269e94c06e5674fb04b35c&journeyDate=2021-07-04&startLocation=60269de9c06e5674fb04b35b HTTP/1.1" 200 2 "-" "node-fetch/1.0 (+https://github.com/bitinn/node-fetch)"
::ffff:127.0.0.1 - - [03/Jul/2021:16:56:05 +0000] "GET /api/bus/search?endLocation=60269e94c06e5674fb04b35c&journeyDate=2021-07-04&startLocation=60269de9c06e5674fb04b35b HTTP/1.1" 200 2 "-" "node-fetch/1.0 (+https://github.com/bitinn/node-fetch)"
::ffff:127.0.0.1 - - [03/Jul/2021:16:56:12 +0000] "GET /api/bus/search?endLocation=60269e94c06e5674fb04b35c&journeyDate=2021-07-04&startLocation=60269de9c06e5674fb04b35b HTTP/1.1" 200 2 "-" "node-fetch/1.0 (+https://github.com/bitinn/node-fetch)"
::ffff:127.0.0.1 - - [03/Jul/2021:16:56:12 +0000] "GET /api/bus/search?endLocation=60269e94c06e5674fb04b35c&journeyDate=2021-07-04&startLocation=60269de9c06e5674fb04b35b HTTP/1.1" 200 2 "-" "node-fetch/1.0 (+https://github.com/bitinn/node-fetch)"
::ffff:127.0.0.1 - - [03/Jul/2021:16:56:12 +0000] "GET /api/bus/search?endLocation=60269e94c06e5674fb04b35c&journeyDate=2021-07-04&startLocation=60269de9c06e5674fb04b35b HTTP/1.1" 200 2 "-" "node-fetch/1.0 (+https://github.com/bitinn/node-fetch)"
::1 - - [03/Jul/2021:16:56:16 +0000] "GET /api/locations HTTP/1.1" 304 - "http://localhost:3000/" "Mozilla/5.0 (X11; Linux x86_64) AppleWebKit/537.36 (KHTML, like Gecko) Chrome/91.0.4472.114 Safari/537.36"
::1 - - [03/Jul/2021:16:56:16 +0000] "GET /api/travels HTTP/1.1" 304 - "http://localhost:3000/" "Mozilla/5.0 (X11; Linux x86_64) AppleWebKit/537.36 (KHTML, like Gecko) Chrome/91.0.4472.114 Safari/537.36"
::ffff:127.0.0.1 - - [03/Jul/2021:17:02:29 +0000] "GET /api/bus/search?endLocation=60269e94c06e5674fb04b35c&journeyDate=2021-07-04&startLocation=60269de9c06e5674fb04b35b HTTP/1.1" 200 2 "-" "node-fetch/1.0 (+https://github.com/bitinn/node-fetch)"
::ffff:127.0.0.1 - - [03/Jul/2021:17:02:29 +0000] "GET /api/bus/search?endLocation=60269e94c06e5674fb04b35c&journeyDate=2021-07-04&startLocation=60269de9c06e5674fb04b35b HTTP/1.1" 200 2 "-" "node-fetch/1.0 (+https://github.com/bitinn/node-fetch)"
::1 - - [03/Jul/2021:17:02:32 +0000] "GET /api/locations HTTP/1.1" 304 - "http://localhost:3000/" "Mozilla/5.0 (X11; Linux x86_64) AppleWebKit/537.36 (KHTML, like Gecko) Chrome/91.0.4472.114 Safari/537.36"
::1 - - [03/Jul/2021:17:02:32 +0000] "GET /api/travels HTTP/1.1" 304 - "http://localhost:3000/" "Mozilla/5.0 (X11; Linux x86_64) AppleWebKit/537.36 (KHTML, like Gecko) Chrome/91.0.4472.114 Safari/537.36"
::1 - - [03/Jul/2021:17:25:29 +0000] "OPTIONS /api/bus/all-bus-available HTTP/1.1" 204 0 "http://localhost:3006/" "Mozilla/5.0 (X11; Linux x86_64) AppleWebKit/537.36 (KHTML, like Gecko) Chrome/91.0.4472.114 Safari/537.36"
::1 - - [03/Jul/2021:17:25:29 +0000] "GET /api/bus/all-bus-available HTTP/1.1" 304 - "http://localhost:3006/" "Mozilla/5.0 (X11; Linux x86_64) AppleWebKit/537.36 (KHTML, like Gecko) Chrome/91.0.4472.114 Safari/537.36"
::1 - - [03/Jul/2021:17:25:30 +0000] "OPTIONS /api/bus/all-bus-unavailable HTTP/1.1" 204 0 "http://localhost:3006/" "Mozilla/5.0 (X11; Linux x86_64) AppleWebKit/537.36 (KHTML, like Gecko) Chrome/91.0.4472.114 Safari/537.36"
::1 - - [03/Jul/2021:17:25:30 +0000] "GET /api/bus/all-bus-unavailable HTTP/1.1" 304 - "http://localhost:3006/" "Mozilla/5.0 (X11; Linux x86_64) AppleWebKit/537.36 (KHTML, like Gecko) Chrome/91.0.4472.114 Safari/537.36"
::1 - - [03/Jul/2021:17:25:31 +0000] "GET /uploads/busimage/resized/image-1613144077858.jpg HTTP/1.1" 304 - "http://localhost:3006/" "Mozilla/5.0 (X11; Linux x86_64) AppleWebKit/537.36 (KHTML, like Gecko) Chrome/91.0.4472.114 Safari/537.36"
::1 - - [03/Jul/2021:17:25:32 +0000] "OPTIONS /api/locations HTTP/1.1" 204 0 "http://localhost:3006/" "Mozilla/5.0 (X11; Linux x86_64) AppleWebKit/537.36 (KHTML, like Gecko) Chrome/91.0.4472.114 Safari/537.36"
::1 - - [03/Jul/2021:17:25:32 +0000] "OPTIONS /api/bus/avtobus1 HTTP/1.1" 204 0 "http://localhost:3006/" "Mozilla/5.0 (X11; Linux x86_64) AppleWebKit/537.36 (KHTML, like Gecko) Chrome/91.0.4472.114 Safari/537.36"
::1 - - [03/Jul/2021:17:25:32 +0000] "GET /api/locations HTTP/1.1" 304 - "http://localhost:3006/" "Mozilla/5.0 (X11; Linux x86_64) AppleWebKit/537.36 (KHTML, like Gecko) Chrome/91.0.4472.114 Safari/537.36"
::1 - - [03/Jul/2021:17:25:32 +0000] "OPTIONS /api/travels HTTP/1.1" 204 0 "http://localhost:3006/" "Mozilla/5.0 (X11; Linux x86_64) AppleWebKit/537.36 (KHTML, like Gecko) Chrome/91.0.4472.114 Safari/537.36"
::1 - - [03/Jul/2021:17:25:32 +0000] "GET /api/bus/avtobus1 HTTP/1.1" 200 744 "http://localhost:3006/" "Mozilla/5.0 (X11; Linux x86_64) AppleWebKit/537.36 (KHTML, like Gecko) Chrome/91.0.4472.114 Safari/537.36"
::1 - - [03/Jul/2021:17:25:32 +0000] "GET /api/travels HTTP/1.1" 304 - "http://localhost:3006/" "Mozilla/5.0 (X11; Linux x86_64) AppleWebKit/537.36 (KHTML, like Gecko) Chrome/91.0.4472.114 Safari/537.36"
::1 - - [03/Jul/2021:17:25:48 +0000] "OPTIONS /api/bus/avtobus1 HTTP/1.1" 204 0 "http://localhost:3006/" "Mozilla/5.0 (X11; Linux x86_64) AppleWebKit/537.36 (KHTML, like Gecko) Chrome/91.0.4472.114 Safari/537.36"
::1 - - [03/Jul/2021:17:25:48 +0000] "PUT /api/bus/avtobus1 HTTP/1.1" 200 744 "http://localhost:3006/" "Mozilla/5.0 (X11; Linux x86_64) AppleWebKit/537.36 (KHTML, like Gecko) Chrome/91.0.4472.114 Safari/537.36"
::1 - - [03/Jul/2021:17:25:48 +0000] "OPTIONS /api/bus/all-bus-available HTTP/1.1" 204 0 "http://localhost:3006/" "Mozilla/5.0 (X11; Linux x86_64) AppleWebKit/537.36 (KHTML, like Gecko) Chrome/91.0.4472.114 Safari/537.36"
::1 - - [03/Jul/2021:17:25:48 +0000] "OPTIONS /api/owners HTTP/1.1" 204 0 "http://localhost:3006/" "Mozilla/5.0 (X11; Linux x86_64) AppleWebKit/537.36 (KHTML, like Gecko) Chrome/91.0.4472.114 Safari/537.36"
::1 - - [03/Jul/2021:17:25:48 +0000] "OPTIONS /api/bus/owner-bus-available HTTP/1.1" 204 0 "http://localhost:3006/" "Mozilla/5.0 (X11; Linux x86_64) AppleWebKit/537.36 (KHTML, like Gecko) Chrome/91.0.4472.114 Safari/537.36"
::1 - - [03/Jul/2021:17:25:48 +0000] "OPTIONS /api/bookings/my HTTP/1.1" 204 0 "http://localhost:3006/" "Mozilla/5.0 (X11; Linux x86_64) AppleWebKit/537.36 (KHTML, like Gecko) Chrome/91.0.4472.114 Safari/537.36"
::1 - - [03/Jul/2021:17:25:49 +0000] "GET /api/bus/all-bus-available HTTP/1.1" 304 - "http://localhost:3006/" "Mozilla/5.0 (X11; Linux x86_64) AppleWebKit/537.36 (KHTML, like Gecko) Chrome/91.0.4472.114 Safari/537.36"
::1 - - [03/Jul/2021:17:25:49 +0000] "GET /api/owners HTTP/1.1" 304 - "http://localhost:3006/" "Mozilla/5.0 (X11; Linux x86_64) AppleWebKit/537.36 (KHTML, like Gecko) Chrome/91.0.4472.114 Safari/537.36"
::1 - - [03/Jul/2021:17:25:49 +0000] "OPTIONS /api/bus/all-bus-unavailable HTTP/1.1" 204 0 "http://localhost:3006/" "Mozilla/5.0 (X11; Linux x86_64) AppleWebKit/537.36 (KHTML, like Gecko) Chrome/91.0.4472.114 Safari/537.36"
::1 - - [03/Jul/2021:17:25:49 +0000] "OPTIONS /api/guests HTTP/1.1" 204 0 "http://localhost:3006/" "Mozilla/5.0 (X11; Linux x86_64) AppleWebKit/537.36 (KHTML, like Gecko) Chrome/91.0.4472.114 Safari/537.36"
::1 - - [03/Jul/2021:17:25:49 +0000] "GET /api/bus/owner-bus-available HTTP/1.1" 304 - "http://localhost:3006/" "Mozilla/5.0 (X11; Linux x86_64) AppleWebKit/537.36 (KHTML, like Gecko) Chrome/91.0.4472.114 Safari/537.36"
::1 - - [03/Jul/2021:17:25:49 +0000] "GET /api/guests HTTP/1.1" 304 - "http://localhost:3006/" "Mozilla/5.0 (X11; Linux x86_64) AppleWebKit/537.36 (KHTML, like Gecko) Chrome/91.0.4472.114 Safari/537.36"
::1 - - [03/Jul/2021:17:25:49 +0000] "OPTIONS /api/bus/owner-bus-unavailable HTTP/1.1" 204 0 "http://localhost:3006/" "Mozilla/5.0 (X11; Linux x86_64) AppleWebKit/537.36 (KHTML, like Gecko) Chrome/91.0.4472.114 Safari/537.36"
::1 - - [03/Jul/2021:17:25:49 +0000] "OPTIONS /api/users HTTP/1.1" 204 0 "http://localhost:3006/" "Mozilla/5.0 (X11; Linux x86_64) AppleWebKit/537.36 (KHTML, like Gecko) Chrome/91.0.4472.114 Safari/537.36"
::1 - - [03/Jul/2021:17:25:49 +0000] "GET /api/bookings/my HTTP/1.1" 304 - "http://localhost:3006/" "Mozilla/5.0 (X11; Linux x86_64) AppleWebKit/537.36 (KHTML, like Gecko) Chrome/91.0.4472.114 Safari/537.36"
::1 - - [03/Jul/2021:17:25:49 +0000] "GET /api/bus/all-bus-unavailable HTTP/1.1" 304 - "http://localhost:3006/" "Mozilla/5.0 (X11; Linux x86_64) AppleWebKit/537.36 (KHTML, like Gecko) Chrome/91.0.4472.114 Safari/537.36"
::1 - - [03/Jul/2021:17:25:49 +0000] "GET /api/users HTTP/1.1" 304 - "http://localhost:3006/" "Mozilla/5.0 (X11; Linux x86_64) AppleWebKit/537.36 (KHTML, like Gecko) Chrome/91.0.4472.114 Safari/537.36"
::1 - - [03/Jul/2021:17:25:49 +0000] "GET /api/bus/owner-bus-unavailable HTTP/1.1" 304 - "http://localhost:3006/" "Mozilla/5.0 (X11; Linux x86_64) AppleWebKit/537.36 (KHTML, like Gecko) Chrome/91.0.4472.114 Safari/537.36"
::1 - - [03/Jul/2021:17:25:51 +0000] "GET /api/bus/owner-bus-available HTTP/1.1" 304 - "http://localhost:3006/" "Mozilla/5.0 (X11; Linux x86_64) AppleWebKit/537.36 (KHTML, like Gecko) Chrome/91.0.4472.114 Safari/537.36"
::1 - - [03/Jul/2021:17:25:52 +0000] "GET /api/bus/all-bus-unavailable HTTP/1.1" 304 - "http://localhost:3006/" "Mozilla/5.0 (X11; Linux x86_64) AppleWebKit/537.36 (KHTML, like Gecko) Chrome/91.0.4472.114 Safari/537.36"
::1 - - [03/Jul/2021:17:25:52 +0000] "GET /uploads/busimage/resized/image-1613144077858.jpg HTTP/1.1" 304 - "http://localhost:3006/" "Mozilla/5.0 (X11; Linux x86_64) AppleWebKit/537.36 (KHTML, like Gecko) Chrome/91.0.4472.114 Safari/537.36"
::1 - - [03/Jul/2021:17:25:53 +0000] "OPTIONS /api/locations HTTP/1.1" 204 0 "http://localhost:3006/" "Mozilla/5.0 (X11; Linux x86_64) AppleWebKit/537.36 (KHTML, like Gecko) Chrome/91.0.4472.114 Safari/537.36"
::1 - - [03/Jul/2021:17:25:53 +0000] "GET /api/locations HTTP/1.1" 304 - "http://localhost:3006/" "Mozilla/5.0 (X11; Linux x86_64) AppleWebKit/537.36 (KHTML, like Gecko) Chrome/91.0.4472.114 Safari/537.36"
::1 - - [03/Jul/2021:17:25:53 +0000] "OPTIONS /api/travels HTTP/1.1" 204 0 "http://localhost:3006/" "Mozilla/5.0 (X11; Linux x86_64) AppleWebKit/537.36 (KHTML, like Gecko) Chrome/91.0.4472.114 Safari/537.36"
::1 - - [03/Jul/2021:17:25:53 +0000] "GET /api/bus/avtobus1 HTTP/1.1" 200 744 "http://localhost:3006/" "Mozilla/5.0 (X11; Linux x86_64) AppleWebKit/537.36 (KHTML, like Gecko) Chrome/91.0.4472.114 Safari/537.36"
::1 - - [03/Jul/2021:17:25:53 +0000] "GET /api/travels HTTP/1.1" 304 - "http://localhost:3006/" "Mozilla/5.0 (X11; Linux x86_64) AppleWebKit/537.36 (KHTML, like Gecko) Chrome/91.0.4472.114 Safari/537.36"
::1 - - [03/Jul/2021:17:26:08 +0000] "OPTIONS /api/bus/avtobus1 HTTP/1.1" 204 0 "http://localhost:3006/" "Mozilla/5.0 (X11; Linux x86_64) AppleWebKit/537.36 (KHTML, like Gecko) Chrome/91.0.4472.114 Safari/537.36"
::1 - - [03/Jul/2021:17:26:09 +0000] "PUT /api/bus/avtobus1 HTTP/1.1" 200 743 "http://localhost:3006/" "Mozilla/5.0 (X11; Linux x86_64) AppleWebKit/537.36 (KHTML, like Gecko) Chrome/91.0.4472.114 Safari/537.36"
::1 - - [03/Jul/2021:17:26:09 +0000] "OPTIONS /api/bus/all-bus-available HTTP/1.1" 204 0 "http://localhost:3006/" "Mozilla/5.0 (X11; Linux x86_64) AppleWebKit/537.36 (KHTML, like Gecko) Chrome/91.0.4472.114 Safari/537.36"
::1 - - [03/Jul/2021:17:26:09 +0000] "OPTIONS /api/owners HTTP/1.1" 204 0 "http://localhost:3006/" "Mozilla/5.0 (X11; Linux x86_64) AppleWebKit/537.36 (KHTML, like Gecko) Chrome/91.0.4472.114 Safari/537.36"
::1 - - [03/Jul/2021:17:26:09 +0000] "OPTIONS /api/bus/owner-bus-available HTTP/1.1" 204 0 "http://localhost:3006/" "Mozilla/5.0 (X11; Linux x86_64) AppleWebKit/537.36 (KHTML, like Gecko) Chrome/91.0.4472.114 Safari/537.36"
::1 - - [03/Jul/2021:17:26:09 +0000] "OPTIONS /api/bookings/my HTTP/1.1" 204 0 "http://localhost:3006/" "Mozilla/5.0 (X11; Linux x86_64) AppleWebKit/537.36 (KHTML, like Gecko) Chrome/91.0.4472.114 Safari/537.36"
::1 - - [03/Jul/2021:17:26:09 +0000] "GET /api/owners HTTP/1.1" 304 - "http://localhost:3006/" "Mozilla/5.0 (X11; Linux x86_64) AppleWebKit/537.36 (KHTML, like Gecko) Chrome/91.0.4472.114 Safari/537.36"
::1 - - [03/Jul/2021:17:26:09 +0000] "OPTIONS /api/guests HTTP/1.1" 204 0 "http://localhost:3006/" "Mozilla/5.0 (X11; Linux x86_64) AppleWebKit/537.36 (KHTML, like Gecko) Chrome/91.0.4472.114 Safari/537.36"
::1 - - [03/Jul/2021:17:26:09 +0000] "GET /api/bus/all-bus-available HTTP/1.1" 200 771 "http://localhost:3006/" "Mozilla/5.0 (X11; Linux x86_64) AppleWebKit/537.36 (KHTML, like Gecko) Chrome/91.0.4472.114 Safari/537.36"
::1 - - [03/Jul/2021:17:26:09 +0000] "OPTIONS /api/bus/all-bus-unavailable HTTP/1.1" 204 0 "http://localhost:3006/" "Mozilla/5.0 (X11; Linux x86_64) AppleWebKit/537.36 (KHTML, like Gecko) Chrome/91.0.4472.114 Safari/537.36"
::1 - - [03/Jul/2021:17:26:09 +0000] "GET /api/guests HTTP/1.1" 304 - "http://localhost:3006/" "Mozilla/5.0 (X11; Linux x86_64) AppleWebKit/537.36 (KHTML, like Gecko) Chrome/91.0.4472.114 Safari/537.36"
::1 - - [03/Jul/2021:17:26:09 +0000] "OPTIONS /api/users HTTP/1.1" 204 0 "http://localhost:3006/" "Mozilla/5.0 (X11; Linux x86_64) AppleWebKit/537.36 (KHTML, like Gecko) Chrome/91.0.4472.114 Safari/537.36"
::1 - - [03/Jul/2021:17:26:09 +0000] "GET /api/bus/owner-bus-available HTTP/1.1" 200 754 "http://localhost:3006/" "Mozilla/5.0 (X11; Linux x86_64) AppleWebKit/537.36 (KHTML, like Gecko) Chrome/91.0.4472.114 Safari/537.36"
::1 - - [03/Jul/2021:17:26:09 +0000] "GET /api/bookings/my HTTP/1.1" 200 3275 "http://localhost:3006/" "Mozilla/5.0 (X11; Linux x86_64) AppleWebKit/537.36 (KHTML, like Gecko) Chrome/91.0.4472.114 Safari/537.36"
::1 - - [03/Jul/2021:17:26:09 +0000] "OPTIONS /api/bus/owner-bus-unavailable HTTP/1.1" 204 0 "http://localhost:3006/" "Mozilla/5.0 (X11; Linux x86_64) AppleWebKit/537.36 (KHTML, like Gecko) Chrome/91.0.4472.114 Safari/537.36"
::1 - - [03/Jul/2021:17:26:09 +0000] "GET /api/bus/all-bus-unavailable HTTP/1.1" 200 2 "http://localhost:3006/" "Mozilla/5.0 (X11; Linux x86_64) AppleWebKit/537.36 (KHTML, like Gecko) Chrome/91.0.4472.114 Safari/537.36"
::1 - - [03/Jul/2021:17:26:09 +0000] "GET /api/users HTTP/1.1" 304 - "http://localhost:3006/" "Mozilla/5.0 (X11; Linux x86_64) AppleWebKit/537.36 (KHTML, like Gecko) Chrome/91.0.4472.114 Safari/537.36"
::1 - - [03/Jul/2021:17:26:09 +0000] "GET /api/bus/owner-bus-unavailable HTTP/1.1" 200 2 "http://localhost:3006/" "Mozilla/5.0 (X11; Linux x86_64) AppleWebKit/537.36 (KHTML, like Gecko) Chrome/91.0.4472.114 Safari/537.36"
::ffff:127.0.0.1 - - [03/Jul/2021:17:26:50 +0000] "GET /api/bus/search?endLocation=60269e94c06e5674fb04b35c&journeyDate=2021-07-04&startLocation=60269de9c06e5674fb04b35b HTTP/1.1" 200 2 "-" "node-fetch/1.0 (+https://github.com/bitinn/node-fetch)"
::1 - - [03/Jul/2021:17:26:52 +0000] "GET /api/locations HTTP/1.1" 304 - "http://localhost:3000/" "Mozilla/5.0 (X11; Linux x86_64) AppleWebKit/537.36 (KHTML, like Gecko) Chrome/91.0.4472.114 Safari/537.36"
::1 - - [03/Jul/2021:17:26:52 +0000] "GET /api/travels HTTP/1.1" 304 - "http://localhost:3000/" "Mozilla/5.0 (X11; Linux x86_64) AppleWebKit/537.36 (KHTML, like Gecko) Chrome/91.0.4472.114 Safari/537.36"
::1 - - [03/Jul/2021:17:27:00 +0000] "GET /api/bus/search?endLocation=60269e94c06e5674fb04b35c&journeyDate=2021-07-05&startLocation=60269de9c06e5674fb04b35b HTTP/1.1" 304 - "http://localhost:3000/" "Mozilla/5.0 (X11; Linux x86_64) AppleWebKit/537.36 (KHTML, like Gecko) Chrome/91.0.4472.114 Safari/537.36"
::ffff:127.0.0.1 - - [03/Jul/2021:17:27:56 +0000] "GET /api/bus/search?endLocation=60269e94c06e5674fb04b35c&journeyDate=2021-07-05&startLocation=60269de9c06e5674fb04b35b HTTP/1.1" 200 2 "-" "node-fetch/1.0 (+https://github.com/bitinn/node-fetch)"
::1 - - [03/Jul/2021:17:27:58 +0000] "GET /api/locations HTTP/1.1" 304 - "http://localhost:3000/" "Mozilla/5.0 (X11; Linux x86_64) AppleWebKit/537.36 (KHTML, like Gecko) Chrome/91.0.4472.114 Safari/537.36"
::1 - - [03/Jul/2021:17:27:58 +0000] "GET /api/travels HTTP/1.1" 304 - "http://localhost:3000/" "Mozilla/5.0 (X11; Linux x86_64) AppleWebKit/537.36 (KHTML, like Gecko) Chrome/91.0.4472.114 Safari/537.36"
::1 - - [03/Jul/2021:17:28:12 +0000] "GET /api/bus/search?endLocation=60269e94c06e5674fb04b35c&journeyDate=2021-07-14&startLocation=60269de9c06e5674fb04b35b HTTP/1.1" 200 2 "http://localhost:3000/" "Mozilla/5.0 (X11; Linux x86_64) AppleWebKit/537.36 (KHTML, like Gecko) Chrome/91.0.4472.114 Safari/537.36"
::1 - - [03/Jul/2021:17:28:17 +0000] "OPTIONS /api/bus/all-bus-unavailable HTTP/1.1" 204 0 "http://localhost:3006/" "Mozilla/5.0 (X11; Linux x86_64) AppleWebKit/537.36 (KHTML, like Gecko) Chrome/91.0.4472.114 Safari/537.36"
::1 - - [03/Jul/2021:17:28:17 +0000] "GET /api/bus/all-bus-unavailable HTTP/1.1" 304 - "http://localhost:3006/" "Mozilla/5.0 (X11; Linux x86_64) AppleWebKit/537.36 (KHTML, like Gecko) Chrome/91.0.4472.114 Safari/537.36"
::1 - - [03/Jul/2021:17:28:18 +0000] "OPTIONS /api/bus/all-bus-available HTTP/1.1" 204 0 "http://localhost:3006/" "Mozilla/5.0 (X11; Linux x86_64) AppleWebKit/537.36 (KHTML, like Gecko) Chrome/91.0.4472.114 Safari/537.36"
::1 - - [03/Jul/2021:17:28:18 +0000] "GET /api/bus/all-bus-available HTTP/1.1" 304 - "http://localhost:3006/" "Mozilla/5.0 (X11; Linux x86_64) AppleWebKit/537.36 (KHTML, like Gecko) Chrome/91.0.4472.114 Safari/537.36"
::1 - - [03/Jul/2021:17:28:18 +0000] "GET /uploads/busimage/resized/image-1613144077858.jpg HTTP/1.1" 304 - "http://localhost:3006/" "Mozilla/5.0 (X11; Linux x86_64) AppleWebKit/537.36 (KHTML, like Gecko) Chrome/91.0.4472.114 Safari/537.36"
::1 - - [03/Jul/2021:17:28:29 +0000] "GET /api/bus/search?endLocation=60269e94c06e5674fb04b35c&journeyDate=2021-07-15&startLocation=60269de9c06e5674fb04b35b HTTP/1.1" 200 783 "http://localhost:3000/" "Mozilla/5.0 (X11; Linux x86_64) AppleWebKit/537.36 (KHTML, like Gecko) Chrome/91.0.4472.114 Safari/537.36"
::1 - - [03/Jul/2021:17:28:29 +0000] "GET /uploads/busimage/resized/image-1613144077858.jpg HTTP/1.1" 304 - "http://localhost:3000/" "Mozilla/5.0 (X11; Linux x86_64) AppleWebKit/537.36 (KHTML, like Gecko) Chrome/91.0.4472.114 Safari/537.36"
::1 - - [04/Jul/2021:14:47:27 +0000] "OPTIONS /api/bus/all-bus-available HTTP/1.1" 204 0 "http://localhost:3006/" "Mozilla/5.0 (X11; Linux x86_64) AppleWebKit/537.36 (KHTML, like Gecko) Chrome/91.0.4472.114 Safari/537.36"
::1 - - [04/Jul/2021:14:47:27 +0000] "OPTIONS /api/owners HTTP/1.1" 204 0 "http://localhost:3006/" "Mozilla/5.0 (X11; Linux x86_64) AppleWebKit/537.36 (KHTML, like Gecko) Chrome/91.0.4472.114 Safari/537.36"
::1 - - [04/Jul/2021:14:47:27 +0000] "GET /uploads/ownerAvatar/resized/photo-1624959857058.png HTTP/1.1" 304 - "http://localhost:3006/" "Mozilla/5.0 (X11; Linux x86_64) AppleWebKit/537.36 (KHTML, like Gecko) Chrome/91.0.4472.114 Safari/537.36"
::1 - - [04/Jul/2021:14:47:27 +0000] "OPTIONS /api/bus/owner-bus-available HTTP/1.1" 204 0 "http://localhost:3006/" "Mozilla/5.0 (X11; Linux x86_64) AppleWebKit/537.36 (KHTML, like Gecko) Chrome/91.0.4472.114 Safari/537.36"
::1 - - [04/Jul/2021:14:47:27 +0000] "OPTIONS /api/bookings/my HTTP/1.1" 204 0 "http://localhost:3006/" "Mozilla/5.0 (X11; Linux x86_64) AppleWebKit/537.36 (KHTML, like Gecko) Chrome/91.0.4472.114 Safari/537.36"
::1 - - [04/Jul/2021:14:47:27 +0000] "GET /api/owners HTTP/1.1" 304 - "http://localhost:3006/" "Mozilla/5.0 (X11; Linux x86_64) AppleWebKit/537.36 (KHTML, like Gecko) Chrome/91.0.4472.114 Safari/537.36"
::1 - - [04/Jul/2021:14:47:27 +0000] "OPTIONS /api/guests HTTP/1.1" 204 0 "http://localhost:3006/" "Mozilla/5.0 (X11; Linux x86_64) AppleWebKit/537.36 (KHTML, like Gecko) Chrome/91.0.4472.114 Safari/537.36"
::1 - - [04/Jul/2021:14:47:28 +0000] "GET /api/bus/all-bus-available HTTP/1.1" 304 - "http://localhost:3006/" "Mozilla/5.0 (X11; Linux x86_64) AppleWebKit/537.36 (KHTML, like Gecko) Chrome/91.0.4472.114 Safari/537.36"
::1 - - [04/Jul/2021:14:47:28 +0000] "OPTIONS /api/bus/all-bus-unavailable HTTP/1.1" 204 0 "http://localhost:3006/" "Mozilla/5.0 (X11; Linux x86_64) AppleWebKit/537.36 (KHTML, like Gecko) Chrome/91.0.4472.114 Safari/537.36"
::1 - - [04/Jul/2021:14:47:28 +0000] "GET /api/guests HTTP/1.1" 304 - "http://localhost:3006/" "Mozilla/5.0 (X11; Linux x86_64) AppleWebKit/537.36 (KHTML, like Gecko) Chrome/91.0.4472.114 Safari/537.36"
::1 - - [04/Jul/2021:14:47:28 +0000] "OPTIONS /api/users HTTP/1.1" 204 0 "http://localhost:3006/" "Mozilla/5.0 (X11; Linux x86_64) AppleWebKit/537.36 (KHTML, like Gecko) Chrome/91.0.4472.114 Safari/537.36"
::1 - - [04/Jul/2021:14:47:28 +0000] "GET /api/bus/all-bus-unavailable HTTP/1.1" 304 - "http://localhost:3006/" "Mozilla/5.0 (X11; Linux x86_64) AppleWebKit/537.36 (KHTML, like Gecko) Chrome/91.0.4472.114 Safari/537.36"
::1 - - [04/Jul/2021:14:47:28 +0000] "GET /api/bus/owner-bus-available HTTP/1.1" 304 - "http://localhost:3006/" "Mozilla/5.0 (X11; Linux x86_64) AppleWebKit/537.36 (KHTML, like Gecko) Chrome/91.0.4472.114 Safari/537.36"
::1 - - [04/Jul/2021:14:47:28 +0000] "OPTIONS /api/bus/owner-bus-unavailable HTTP/1.1" 204 0 "http://localhost:3006/" "Mozilla/5.0 (X11; Linux x86_64) AppleWebKit/537.36 (KHTML, like Gecko) Chrome/91.0.4472.114 Safari/537.36"
::1 - - [04/Jul/2021:14:47:28 +0000] "GET /api/bookings/my HTTP/1.1" 304 - "http://localhost:3006/" "Mozilla/5.0 (X11; Linux x86_64) AppleWebKit/537.36 (KHTML, like Gecko) Chrome/91.0.4472.114 Safari/537.36"
::1 - - [04/Jul/2021:14:47:28 +0000] "GET /api/users HTTP/1.1" 304 - "http://localhost:3006/" "Mozilla/5.0 (X11; Linux x86_64) AppleWebKit/537.36 (KHTML, like Gecko) Chrome/91.0.4472.114 Safari/537.36"
::1 - - [04/Jul/2021:14:47:28 +0000] "GET /api/bus/owner-bus-unavailable HTTP/1.1" 304 - "http://localhost:3006/" "Mozilla/5.0 (X11; Linux x86_64) AppleWebKit/537.36 (KHTML, like Gecko) Chrome/91.0.4472.114 Safari/537.36"
::1 - - [04/Jul/2021:14:47:34 +0000] "GET /api/locations HTTP/1.1" 304 - "http://localhost:3000/" "Mozilla/5.0 (X11; Linux x86_64) AppleWebKit/537.36 (KHTML, like Gecko) Chrome/91.0.4472.114 Safari/537.36"
::1 - - [04/Jul/2021:15:12:16 +0000] "GET /api/locations HTTP/1.1" 304 - "http://localhost:3000/" "Mozilla/5.0 (X11; Linux x86_64) AppleWebKit/537.36 (KHTML, like Gecko) Chrome/91.0.4472.114 Safari/537.36"
::1 - - [04/Jul/2021:15:29:10 +0000] "GET /api/locations HTTP/1.1" 304 - "http://localhost:3000/" "Mozilla/5.0 (X11; Linux x86_64) AppleWebKit/537.36 (KHTML, like Gecko) Chrome/91.0.4472.114 Safari/537.36"
::1 - - [04/Jul/2021:15:31:20 +0000] "GET /api/locations HTTP/1.1" 304 - "http://localhost:3000/" "Mozilla/5.0 (X11; Linux x86_64) AppleWebKit/537.36 (KHTML, like Gecko) Chrome/91.0.4472.114 Safari/537.36"
::ffff:127.0.0.1 - - [04/Jul/2021:15:31:35 +0000] "GET /api/bus/search?endLocation=60269e94c06e5674fb04b35c&journeyDate=2021-07-15&startLocation=60269de9c06e5674fb04b35b HTTP/1.1" 200 783 "-" "node-fetch/1.0 (+https://github.com/bitinn/node-fetch)"
::1 - - [04/Jul/2021:15:31:36 +0000] "GET /uploads/busimage/resized/image-1613144077858.jpg HTTP/1.1" 304 - "http://localhost:3000/" "Mozilla/5.0 (X11; Linux x86_64) AppleWebKit/537.36 (KHTML, like Gecko) Chrome/91.0.4472.114 Safari/537.36"
::1 - - [04/Jul/2021:15:31:37 +0000] "GET /api/locations HTTP/1.1" 304 - "http://localhost:3000/" "Mozilla/5.0 (X11; Linux x86_64) AppleWebKit/537.36 (KHTML, like Gecko) Chrome/91.0.4472.114 Safari/537.36"
::1 - - [04/Jul/2021:15:31:37 +0000] "GET /api/travels HTTP/1.1" 304 - "http://localhost:3000/" "Mozilla/5.0 (X11; Linux x86_64) AppleWebKit/537.36 (KHTML, like Gecko) Chrome/91.0.4472.114 Safari/537.36"
::ffff:127.0.0.1 - - [04/Jul/2021:16:14:58 +0000] "GET /uploads/busimage/resized/image-1613144077858.jpg HTTP/1.1" 200 260139 "-" "node-fetch/1.0 (+https://github.com/bitinn/node-fetch)"
::ffff:127.0.0.1 - - [04/Jul/2021:16:15:47 +0000] "GET /public/static/img/logos/logo_white_gorizontal_cliped_200x200.png HTTP/1.1" 404 203 "-" "node-fetch/1.0 (+https://github.com/bitinn/node-fetch)"
::ffff:127.0.0.1 - - [04/Jul/2021:16:15:51 +0000] "GET /static/img/logos/logo_white_gorizontal_cliped_200x200.png HTTP/1.1" 404 196 "-" "node-fetch/1.0 (+https://github.com/bitinn/node-fetch)"
::1 - - [04/Jul/2021:16:16:01 +0000] "GET /static/img/logos/logo_white_gorizontal_cliped_200x200.png HTTP/1.1" 404 196 "http://localhost:3000/" "Mozilla/5.0 (X11; Linux x86_64) AppleWebKit/537.36 (KHTML, like Gecko) Chrome/91.0.4472.114 Safari/537.36"
::1 - - [04/Jul/2021:16:16:10 +0000] "GET /public/static/img/logos/logo_white_gorizontal_cliped_200x200.png HTTP/1.1" 404 203 "http://localhost:3000/" "Mozilla/5.0 (X11; Linux x86_64) AppleWebKit/537.36 (KHTML, like Gecko) Chrome/91.0.4472.114 Safari/537.36"
::1 - - [04/Jul/2021:16:18:24 +0000] "GET /static/img/logos/logo_white_gorizontal_cliped_200x200.png HTTP/1.1" 404 196 "http://localhost:3000/" "Mozilla/5.0 (X11; Linux x86_64) AppleWebKit/537.36 (KHTML, like Gecko) Chrome/91.0.4472.114 Safari/537.36"
